Arguments: 
  /home/sergiojunior/.nvm/versions/node/v8.10.0/bin/node /home/sergiojunior/.nvm/versions/node/v8.10.0/bin/yarn run build

PATH: 
  /home/sergiojunior/.nvm/versions/node/v8.10.0/bin:/home/sergiojunior/bin:/home/sergiojunior/.local/bin:/usr/local/sbin:/usr/local/bin:/usr/sbin:/usr/bin:/sbin:/bin:/usr/games:/usr/local/games:/snap/bin:/home/sergiojunior/Android/Sdk/tools

Yarn version: 
  1.5.1

Node version: 
  8.10.0

Platform: 
  linux x64

npm manifest: 
  {
    "name": "rdx-cli",
    "version": "1.0.0",
    "description": "",
    "main": "src/index.js",
    "scripts": {
      "start": "node src/index.js",
      "delete": "rm -rf redux",
      "build": "webpack",
      "test": "./node_modules/mocha/bin/mocha tests/**/*.js -w"
    },
    "bin": {
      "rdx-cli": "src/index.js"
    },
    "files": [
      "src",
      "tests"
    ],
    "keywords": [
      "redux",
      "cli",
      "react"
    ],
    "author": "Sérgio Júnior <sergioamjr91@gmail.com> (http://github.com/sergioJrDev/)",
    "preferGlobal": true,
    "license": "MIT",
    "dependencies": {
      "babel": "^6.23.0",
      "babel-cli": "^6.26.0",
      "babel-core": "^6.26.3",
      "babel-loader": "^7.1.4",
      "babel-plugin-transform-es2015-modules-umd": "^6.24.1",
      "babel-preset-env": "^1.7.0",
      "chai": "^4.1.2",
      "webpack": "^4.8.1",
      "yargs": "^11.0.0"
    },
    "devDependencies": {
      "mocha": "^5.0.4",
      "sinon": "^4.4.2",
      "sinon-chai": "^3.0.0",
      "sinon-stub-promise": "^4.0.0",
      "webpack-cli": "^2.1.3"
    }
  }

yarn manifest: 
  No manifest

Lockfile: 
  No lockfile

Trace: 
  Error: Command failed.
  Exit code: 2
  Command: sh
  Arguments: -c webpack
  Directory: /home/sergiojunior/Documents/nodejs
  Output:
  
      at ProcessTermError.MessageError (/home/sergiojunior/.nvm/versions/node/v8.10.0/lib/node_modules/yarn/lib/cli.js:186:110)
      at new ProcessTermError (/home/sergiojunior/.nvm/versions/node/v8.10.0/lib/node_modules/yarn/lib/cli.js:226:113)
      at ChildProcess.<anonymous> (/home/sergiojunior/.nvm/versions/node/v8.10.0/lib/node_modules/yarn/lib/cli.js:30281:17)
      at emitTwo (events.js:126:13)
      at ChildProcess.emit (events.js:214:7)
      at maybeClose (internal/child_process.js:925:16)
      at Process.ChildProcess._handle.onexit (internal/child_process.js:209:5)
